<?xml version="1.0" encoding="UTF-8"?>
<testsuite xmlns:xsi="http://www.w3.org/2001/XMLSchema-instance" xsi:noNamespaceSchemaLocation="https://maven.apache.org/surefire/maven-surefire-plugin/xsd/surefire-test-report.xsd" version="3.0.2" name="com.mycompany.model.FeatureManagerTest" time="0.028" tests="2" errors="0" skipped="0" failures="0">
  <properties>
[...]
</properties>
  <testcase name="insuranceBillingDeactivatesAndRestoresRoomType" classname="com.mycompany.model.FeatureManagerTest" time="0.007"/>
  <testcase name="mandatoryFeaturesCannotBeDeactivated" classname="com.mycompany.model.FeatureManagerTest" time="0.011"/>
</testsuite>